<?xml version="1.0" encoding="UTF-8"?>
<!-- Generated by org.testng.reporters.JUnitXMLReporter -->
<testsuite ignored="0" hostname="LAPTOP-LRNS79PC" failures="0" tests="1" name="Test" time="0.032" errors="0" timestamp="2022-05-13T13:48:00 CDT">
  <testcase classname="com.seleniumFramework.pages.BaseClass" name="@BeforeSuite setUp" time="0.008">
    <failure type="java.lang.NullPointerException" message="Cannot invoke &amp;quot;com.seleniumFramework.utility.ConfigDataProviders.getBrowser()&amp;quot; because &amp;quot;this.config&amp;quot; is null">
      <![CDATA[java.lang.NullPointerException: Cannot invoke "com.seleniumFramework.utility.ConfigDataProviders.getBrowser()" because "this.config" is null
at com.seleniumFramework.pages.BaseClass.setUp(BaseClass.java:17)
... Removed 19 stack frames]]>
    </failure>
  </testcase> <!-- @BeforeSuite setUp -->
  <testcase classname="com.seleniumFramework.testCases.LoginTestCrm" name="loginApp" time="0.0">
    <skipped/>
  </testcase> <!-- loginApp -->
</testsuite> <!-- Test -->
